c:\users\cuiyemeng\source\repos\data-structure-and-algorithm-c-\04.tree\debug\vc142.pdb
c:\users\cuiyemeng\source\repos\data-structure-and-algorithm-c-\04.tree\debug\vc142.idb
c:\users\cuiyemeng\source\repos\data-structure-and-algorithm-c-\04.tree\debug\treenode.nativecodeanalysis.sarif
c:\users\cuiyemeng\source\repos\data-structure-and-algorithm-c-\04.tree\debug\treenode.nativecodeanalysis.xml
c:\users\cuiyemeng\source\repos\data-structure-and-algorithm-c-\04.tree\debug\main.nativecodeanalysis.sarif
c:\users\cuiyemeng\source\repos\data-structure-and-algorithm-c-\04.tree\debug\main.nativecodeanalysis.xml
c:\users\cuiyemeng\source\repos\data-structure-and-algorithm-c-\04.tree\debug\btree.nativecodeanalysis.sarif
c:\users\cuiyemeng\source\repos\data-structure-and-algorithm-c-\04.tree\debug\btree.nativecodeanalysis.xml
c:\users\cuiyemeng\source\repos\data-structure-and-algorithm-c-\04.tree\debug\avltree.nativecodeanalysis.sarif
c:\users\cuiyemeng\source\repos\data-structure-and-algorithm-c-\04.tree\debug\avltree.nativecodeanalysis.xml
c:\users\cuiyemeng\source\repos\data-structure-and-algorithm-c-\04.tree\debug\avltree.obj
c:\users\cuiyemeng\source\repos\data-structure-and-algorithm-c-\04.tree\debug\btree.obj
c:\users\cuiyemeng\source\repos\data-structure-and-algorithm-c-\04.tree\debug\main.obj
c:\users\cuiyemeng\source\repos\data-structure-and-algorithm-c-\04.tree\debug\treenode.obj
c:\users\cuiyemeng\source\repos\data-structure-and-algorithm-c-\debug\04.tree.pdb
c:\users\cuiyemeng\source\repos\data-structure-and-algorithm-c-\04.tree\debug\04.tree.tlog\cl.command.1.tlog
c:\users\cuiyemeng\source\repos\data-structure-and-algorithm-c-\04.tree\debug\04.tree.tlog\cl.read.1.tlog
c:\users\cuiyemeng\source\repos\data-structure-and-algorithm-c-\04.tree\debug\04.tree.tlog\cl.write.1.tlog
c:\users\cuiyemeng\source\repos\data-structure-and-algorithm-c-\04.tree\debug\04.tree.tlog\link-cvtres.read.1.tlog
c:\users\cuiyemeng\source\repos\data-structure-and-algorithm-c-\04.tree\debug\04.tree.tlog\link-cvtres.write.1.tlog
c:\users\cuiyemeng\source\repos\data-structure-and-algorithm-c-\04.tree\debug\04.tree.tlog\link-rc.read.1.tlog
c:\users\cuiyemeng\source\repos\data-structure-and-algorithm-c-\04.tree\debug\04.tree.tlog\link-rc.write.1.tlog
c:\users\cuiyemeng\source\repos\data-structure-and-algorithm-c-\04.tree\debug\04.tree.tlog\link.command.1.tlog
c:\users\cuiyemeng\source\repos\data-structure-and-algorithm-c-\04.tree\debug\04.tree.tlog\link.read.1.tlog
c:\users\cuiyemeng\source\repos\data-structure-and-algorithm-c-\04.tree\debug\04.tree.tlog\link.write.1.tlog
